
########################################
# Fit performed on 2016-12-21 10:07:13 #
########################################

###########
# Dataset #
###########

# axis 0: x
# datapoints
6.300000e-01
6.350000e-01
6.400000e-01
6.450000e-01
6.500000e-01

# axis 1: y
# datapoints	uncor. err.
8.025667e+00	4.910318e-03
8.002666e+00	4.333337e-03
7.979333e+00	6.173448e-03
7.963666e+00	5.364420e-03
7.943667e+00	6.359542e-03


################
# Fit function #
################

linear_2par(x; slope, y_intercept) = slope * x + y_intercept

##############
# Fit result #
##############

# value        error    correlations
# slope
-4.0810e+00   3.44e-01   
# y_intercept
1.0595e+01   2.20e-01   -1.000   

########################
# Final fit parameters #
########################

slope = -4.08 +- 0.34
y_intercept = 10.59 +- 0.22

###############
# Fit details #
###############

USING    iminuit
FCN/ndf  0.617/3 = 0.206
EdM      9.29553e-14
UP       1
STA      Error matrix accurate

chi2prob 0.892
HYPTEST  accepted (sig. 5%)

