
########################################
# Fit performed on 2016-12-21 09:12:46 #
########################################

###########
# Dataset #
###########

# axis 0: x
# datapoints
1.000000e+00
3.000000e+00
5.000000e+00
7.000000e+00
9.000000e+00
1.100000e+01
1.300000e+01
1.500000e+01
1.700000e+01
1.900000e+01

# axis 1: y
# datapoints	uncor. err.
3.036000e+00	2.516666e-03
9.169333e+00	4.842000e-03
1.529633e+01	5.333265e-03
2.142100e+01	7.211109e-03
2.754733e+01	8.089914e-03
3.365933e+01	4.977165e-03
3.979767e+01	1.036567e-02
4.592300e+01	1.178917e-02
5.203500e+01	4.041277e-03
5.816867e+01	9.939063e-03


################
# Fit function #
################

linear_2par(x; slope, y_intercept) = slope * x + y_intercept

##############
# Fit result #
##############

# value        error    correlations
# slope
3.0625e+00   2.54e-04   
# y_intercept
-2.3439e-02   2.31e-03   -0.728   

########################
# Final fit parameters #
########################

slope = 3.0625 +- 0.00025
y_intercept = -0.0234 +- 0.0023

###############
# Fit details #
###############

USING    iminuit
FCN/ndf  9.89/8 = 1.24
EdM      1.45188e-16
UP       1
STA      Error matrix accurate

chi2prob 0.273
HYPTEST  accepted (sig. 5%)

