
########################################
# Fit performed on 2016-12-21 10:11:46 #
########################################

###########
# Dataset #
###########

# axis 0: x
# datapoints
6.000000e-01
6.100000e-01
6.200000e-01
6.300000e-01
6.350000e-01
6.400000e-01
6.450000e-01
6.500000e-01
6.600000e-01
6.700000e-01
6.800000e-01

# axis 1: y
# datapoints	uncor. err.
5.835200e+00	2.123300e+00
5.842533e+00	2.125967e+00
5.851800e+00	2.129200e+00
5.860933e+00	2.132567e+00
5.864733e+00	2.133767e+00
5.871133e+00	2.136367e+00
5.873600e+00	2.136900e+00
5.880334e+00	2.139167e+00
5.893800e+00	2.144700e+00
5.905134e+00	2.148867e+00
5.913400e+00	2.152100e+00


################
# Fit function #
################

linear_2par(x; slope, y_intercept) = slope * x + y_intercept

##############
# Fit result #
##############

# value        error    correlations
# slope
1.0051e+00   2.75e+01   
# y_intercept
5.2288e+00   1.76e+01   -0.999   

########################
# Final fit parameters #
########################

slope = 1 +- 27
y_intercept = 5 +- 18

###############
# Fit details #
###############

USING    iminuit
FCN/ndf  1.02e-05/9 = 1.14e-06
EdM      5.32007e-15
UP       1
STA      Error matrix accurate

chi2prob 1.0
HYPTEST  accepted (sig. 5%)

