
########################################
# Fit performed on 2016-12-21 09:05:24 #
########################################

###########
# Dataset #
###########

# axis 0: x
# datapoints
5.000000e+00
1.000000e+01
1.500000e+01
2.000000e+01
2.500000e+01
3.000000e+01
3.500000e+01
4.000000e+01
4.500000e+01
5.000000e+01

# axis 1: y
# datapoints	uncor. err.
7.986000e+00	2.516682e-03
1.599667e+01	2.906269e-03
2.400267e+01	1.452752e-03
3.200933e+01	2.728195e-03
4.001467e+01	3.844612e-03
4.803167e+01	1.086826e-02
5.603800e+01	1.250282e-02
6.404566e+01	1.483562e-02
7.205333e+01	1.716983e-02
8.004900e+01	1.950160e-02


################
# Fit function #
################

linear_2par(x; slope, y_intercept) = slope * x + y_intercept

##############
# Fit result #
##############

# value        error    correlations
# slope
1.6015e+00   1.54e-04   
# y_intercept
-2.0545e-02   2.48e-03   -0.913   

########################
# Final fit parameters #
########################

slope = 1.60153 +- 0.00015
y_intercept = -0.0205 +- 0.0025

###############
# Fit details #
###############

USING    iminuit
FCN/ndf  2.18/8 = 0.272
EdM      2.12123e-17
UP       1
STA      Error matrix accurate

chi2prob 0.975
HYPTEST  accepted (sig. 5%)

