
########################################
# Fit performed on 2016-12-21 10:07:13 #
########################################

###########
# Dataset #
###########

# axis 0: x
# datapoints
6.000000e-01
6.100000e-01
6.200000e-01
6.300000e-01
6.350000e-01
6.400000e-01
6.450000e-01
6.500000e-01
6.600000e-01
6.700000e-01
6.800000e-01

# axis 1: y
# datapoints	uncor. err.
7.953334e+00	5.174826e-03
7.963333e+00	5.174667e-03
7.976334e+00	4.702220e-03
7.988667e+00	4.910264e-03
7.994333e+00	4.176669e-03
8.002333e+00	5.174754e-03
8.006667e+00	3.844136e-03
8.016333e+00	3.179817e-03
8.033000e+00	5.507402e-03
8.048333e+00	5.666733e-03
8.058999e+00	6.506497e-03


################
# Fit function #
################

linear_2par(x; slope, y_intercept) = slope * x + y_intercept

##############
# Fit result #
##############

# value        error    correlations
# slope
1.3521e+00   6.94e-02   
# y_intercept
7.1379e+00   4.44e-02   -1.000   

########################
# Final fit parameters #
########################

slope = 1.352 +- 0.069
y_intercept = 7.138 +- 0.044

###############
# Fit details #
###############

USING    iminuit
FCN/ndf  2.73/9 = 0.303
EdM      1.72081e-14
UP       1
STA      Error matrix accurate

chi2prob 0.974
HYPTEST  accepted (sig. 5%)

