
########################################
# Fit performed on 2016-12-21 09:07:56 #
########################################

###########
# Dataset #
###########

# axis 0: x
# datapoints
5.000000e+00
1.000000e+01
1.500000e+01
2.000000e+01
2.500000e+01
3.000000e+01
3.500000e+01
4.000000e+01
4.500000e+01
5.000000e+01

# axis 1: y
# datapoints	uncor. err.
7.986000e+00	2.054862e-03
1.599667e+01	2.372959e-03
2.400267e+01	1.186167e-03
3.200933e+01	2.227562e-03
4.001467e+01	3.139112e-03
4.803167e+01	8.873898e-03
5.603800e+01	1.020851e-02
6.404566e+01	1.211323e-02
7.205333e+01	1.401911e-02
8.004900e+01	1.592299e-02


################
# Fit function #
################

linear_2par(x; slope, y_intercept) = slope * x + y_intercept

##############
# Fit result #
##############

# value        error    correlations
# slope
1.6015e+00   1.25e-04   
# y_intercept
-2.0545e-02   2.02e-03   -0.913   

########################
# Final fit parameters #
########################

slope = 1.60153 +- 0.00013
y_intercept = -0.0205 +- 0.002

###############
# Fit details #
###############

USING    iminuit
FCN/ndf  3.27/8 = 0.408
EdM      7.51332e-17
UP       1
STA      Error matrix accurate

chi2prob 0.917
HYPTEST  accepted (sig. 5%)

