
########################################
# Fit performed on 2016-12-21 09:00:01 #
########################################

###########
# Dataset #
###########

# axis 0: x
# datapoints
5.000000e+00
1.000000e+01
1.500000e+01
2.000000e+01
2.500000e+01
3.000000e+01
3.500000e+01
4.000000e+01
4.500000e+01
5.000000e+01

# axis 1: y
# datapoints	uncor. err.
7.986000e+00	2.516682e-03
1.599667e+01	2.906269e-03
2.400267e+01	1.452752e-03
3.200933e+01	2.728195e-03
4.001467e+01	3.844612e-03
4.803167e+01	1.086826e-02
5.603800e+01	1.250282e-02
6.404566e+01	1.483562e-02
7.205333e+01	1.716983e-02
8.004900e+01	1.950160e-02


################
# Fit function #
################

linear_2par(x; slope, y_intercept) = slope * x + y_intercept

##############
# Fit result #
##############

# value        error    correlations
# slope
1.6015e+00   1.54e-04   
# y_intercept
-2.0545e-02   2.48e-03   -0.913   

########################
# Final fit parameters #
########################

slope = 1.60153 +- 0.00015
y_intercept = -0.0205 +- 0.0025

###############
# Fit details #
###############

USING    iminuit
FCN/ndf  2.18/8 = 0.272
EdM      2.12123e-17
UP       1
STA      Error matrix accurate

chi2prob 0.975
HYPTEST  accepted (sig. 5%)


########################################
# Fit performed on 2016-12-21 09:01:37 #
########################################

###########
# Dataset #
###########

# axis 0: x
# datapoints
5.000000e+00
1.000000e+01
1.500000e+01
2.000000e+01
2.500000e+01
3.000000e+01
3.500000e+01
4.000000e+01
4.500000e+01
5.000000e+01

# axis 1: y
# datapoints	uncor. err.
7.986000e+00	2.516682e-03
1.599667e+01	2.906269e-03
2.400267e+01	1.452752e-03
3.200933e+01	2.728195e-03
4.001467e+01	3.844612e-03
4.803167e+01	1.086826e-02
5.603800e+01	1.250282e-02
6.404566e+01	1.483562e-02
7.205333e+01	1.716983e-02
8.004900e+01	1.950160e-02


################
# Fit function #
################

linear_2par(x; slope, y_intercept) = slope * x + y_intercept

##############
# Fit result #
##############

# value        error    correlations
# slope
1.6015e+00   1.54e-04   
# y_intercept
-2.0545e-02   2.48e-03   -0.913   

########################
# Final fit parameters #
########################

slope = 1.60153 +- 0.00015
y_intercept = -0.0205 +- 0.0025

###############
# Fit details #
###############

USING    iminuit
FCN/ndf  2.18/8 = 0.272
EdM      2.12123e-17
UP       1
STA      Error matrix accurate

chi2prob 0.975
HYPTEST  accepted (sig. 5%)


########################################
# Fit performed on 2016-12-21 09:02:12 #
########################################

###########
# Dataset #
###########

# axis 0: x
# datapoints
5.000000e+00
1.000000e+01
1.500000e+01
2.000000e+01
2.500000e+01
3.000000e+01
3.500000e+01
4.000000e+01
4.500000e+01
5.000000e+01

# axis 1: y
# datapoints	uncor. err.
7.986000e+00	2.516682e-03
1.599667e+01	2.906269e-03
2.400267e+01	1.452752e-03
3.200933e+01	2.728195e-03
4.001467e+01	3.844612e-03
4.803167e+01	1.086826e-02
5.603800e+01	1.250282e-02
6.404566e+01	1.483562e-02
7.205333e+01	1.716983e-02
8.004900e+01	1.950160e-02


################
# Fit function #
################

linear_2par(x; slope, y_intercept) = slope * x + y_intercept

##############
# Fit result #
##############

# value        error    correlations
# slope
1.6015e+00   1.54e-04   
# y_intercept
-2.0545e-02   2.48e-03   -0.913   

########################
# Final fit parameters #
########################

slope = 1.60153 +- 0.00015
y_intercept = -0.0205 +- 0.0025

###############
# Fit details #
###############

USING    iminuit
FCN/ndf  2.18/8 = 0.272
EdM      2.12123e-17
UP       1
STA      Error matrix accurate

chi2prob 0.975
HYPTEST  accepted (sig. 5%)


########################################
# Fit performed on 2016-12-21 09:03:48 #
########################################

###########
# Dataset #
###########

# axis 0: x
# datapoints
5.000000e+00
1.000000e+01
1.500000e+01
2.000000e+01
2.500000e+01
3.000000e+01
3.500000e+01
4.000000e+01
4.500000e+01
5.000000e+01

# axis 1: y
# datapoints	uncor. err.
7.986000e+00	2.516682e-03
1.599667e+01	2.906269e-03
2.400267e+01	1.452752e-03
3.200933e+01	2.728195e-03
4.001467e+01	3.844612e-03
4.803167e+01	1.086826e-02
5.603800e+01	1.250282e-02
6.404566e+01	1.483562e-02
7.205333e+01	1.716983e-02
8.004900e+01	1.950160e-02


################
# Fit function #
################

linear_2par(x; slope, y_intercept) = slope * x + y_intercept

##############
# Fit result #
##############

# value        error    correlations
# slope
1.6015e+00   1.54e-04   
# y_intercept
-2.0545e-02   2.48e-03   -0.913   

########################
# Final fit parameters #
########################

slope = 1.60153 +- 0.00015
y_intercept = -0.0205 +- 0.0025

###############
# Fit details #
###############

USING    iminuit
FCN/ndf  2.18/8 = 0.272
EdM      2.12123e-17
UP       1
STA      Error matrix accurate

chi2prob 0.975
HYPTEST  accepted (sig. 5%)


########################################
# Fit performed on 2016-12-21 09:05:15 #
########################################

###########
# Dataset #
###########

# axis 0: x
# datapoints
5.000000e+00
1.000000e+01
1.500000e+01
2.000000e+01
2.500000e+01
3.000000e+01
3.500000e+01
4.000000e+01
4.500000e+01
5.000000e+01

# axis 1: y
# datapoints	uncor. err.
7.986000e+00	2.516682e-03
1.599667e+01	2.906269e-03
2.400267e+01	1.452752e-03
3.200933e+01	2.728195e-03
4.001467e+01	3.844612e-03
4.803167e+01	1.086826e-02
5.603800e+01	1.250282e-02
6.404566e+01	1.483562e-02
7.205333e+01	1.716983e-02
8.004900e+01	1.950160e-02


################
# Fit function #
################

linear_2par(x; slope, y_intercept) = slope * x + y_intercept

##############
# Fit result #
##############

# value        error    correlations
# slope
1.6015e+00   1.54e-04   
# y_intercept
-2.0545e-02   2.48e-03   -0.913   

########################
# Final fit parameters #
########################

slope = 1.60153 +- 0.00015
y_intercept = -0.0205 +- 0.0025

###############
# Fit details #
###############

USING    iminuit
FCN/ndf  2.18/8 = 0.272
EdM      2.12123e-17
UP       1
STA      Error matrix accurate

chi2prob 0.975
HYPTEST  accepted (sig. 5%)


########################################
# Fit performed on 2016-12-21 09:05:24 #
########################################

###########
# Dataset #
###########

# axis 0: x
# datapoints
5.000000e+00
1.000000e+01
1.500000e+01
2.000000e+01
2.500000e+01
3.000000e+01
3.500000e+01
4.000000e+01
4.500000e+01
5.000000e+01

# axis 1: y
# datapoints	uncor. err.
7.986000e+00	2.516682e-03
1.599667e+01	2.906269e-03
2.400267e+01	1.452752e-03
3.200933e+01	2.728195e-03
4.001467e+01	3.844612e-03
4.803167e+01	1.086826e-02
5.603800e+01	1.250282e-02
6.404566e+01	1.483562e-02
7.205333e+01	1.716983e-02
8.004900e+01	1.950160e-02


################
# Fit function #
################

linear_2par(x; slope, y_intercept) = slope * x + y_intercept

##############
# Fit result #
##############

# value        error    correlations
# slope
1.6015e+00   1.54e-04   
# y_intercept
-2.0545e-02   2.48e-03   -0.913   

########################
# Final fit parameters #
########################

slope = 1.60153 +- 0.00015
y_intercept = -0.0205 +- 0.0025

###############
# Fit details #
###############

USING    iminuit
FCN/ndf  2.18/8 = 0.272
EdM      2.12123e-17
UP       1
STA      Error matrix accurate

chi2prob 0.975
HYPTEST  accepted (sig. 5%)


########################################
# Fit performed on 2016-12-21 09:07:56 #
########################################

###########
# Dataset #
###########

# axis 0: x
# datapoints
5.000000e+00
1.000000e+01
1.500000e+01
2.000000e+01
2.500000e+01
3.000000e+01
3.500000e+01
4.000000e+01
4.500000e+01
5.000000e+01

# axis 1: y
# datapoints	uncor. err.
7.986000e+00	2.054862e-03
1.599667e+01	2.372959e-03
2.400267e+01	1.186167e-03
3.200933e+01	2.227562e-03
4.001467e+01	3.139112e-03
4.803167e+01	8.873898e-03
5.603800e+01	1.020851e-02
6.404566e+01	1.211323e-02
7.205333e+01	1.401911e-02
8.004900e+01	1.592299e-02


################
# Fit function #
################

linear_2par(x; slope, y_intercept) = slope * x + y_intercept

##############
# Fit result #
##############

# value        error    correlations
# slope
1.6015e+00   1.25e-04   
# y_intercept
-2.0545e-02   2.02e-03   -0.913   

########################
# Final fit parameters #
########################

slope = 1.60153 +- 0.00013
y_intercept = -0.0205 +- 0.002

###############
# Fit details #
###############

USING    iminuit
FCN/ndf  3.27/8 = 0.408
EdM      7.51332e-17
UP       1
STA      Error matrix accurate

chi2prob 0.917
HYPTEST  accepted (sig. 5%)


########################################
# Fit performed on 2016-12-21 09:11:17 #
########################################

###########
# Dataset #
###########

# axis 0: x
# datapoints
1.000000e+00
3.000000e+00
5.000000e+00
7.000000e+00
9.000000e+00
1.100000e+01
1.300000e+01
1.500000e+01
1.700000e+01
1.900000e+01

# axis 1: y
# datapoints	uncor. err.
3.036000e+00	2.516666e-03
9.169333e+00	4.842000e-03
1.529633e+01	5.333265e-03
2.142100e+01	7.211109e-03
2.754733e+01	8.089914e-03
3.365933e+01	4.977165e-03
3.979767e+01	1.036567e-02
4.592300e+01	1.178917e-02
5.203500e+01	4.041277e-03
5.816867e+01	9.939063e-03


################
# Fit function #
################

linear_2par(x; slope, y_intercept) = slope * x + y_intercept

##############
# Fit result #
##############

# value        error    correlations
# slope
3.0625e+00   2.54e-04   
# y_intercept
-2.3439e-02   2.31e-03   -0.728   

########################
# Final fit parameters #
########################

slope = 3.0625 +- 0.00025
y_intercept = -0.0234 +- 0.0023

###############
# Fit details #
###############

USING    iminuit
FCN/ndf  9.89/8 = 1.24
EdM      1.45188e-16
UP       1
STA      Error matrix accurate

chi2prob 0.273
HYPTEST  accepted (sig. 5%)


########################################
# Fit performed on 2016-12-21 09:12:46 #
########################################

###########
# Dataset #
###########

# axis 0: x
# datapoints
1.000000e+00
3.000000e+00
5.000000e+00
7.000000e+00
9.000000e+00
1.100000e+01
1.300000e+01
1.500000e+01
1.700000e+01
1.900000e+01

# axis 1: y
# datapoints	uncor. err.
3.036000e+00	2.516666e-03
9.169333e+00	4.842000e-03
1.529633e+01	5.333265e-03
2.142100e+01	7.211109e-03
2.754733e+01	8.089914e-03
3.365933e+01	4.977165e-03
3.979767e+01	1.036567e-02
4.592300e+01	1.178917e-02
5.203500e+01	4.041277e-03
5.816867e+01	9.939063e-03


################
# Fit function #
################

linear_2par(x; slope, y_intercept) = slope * x + y_intercept

##############
# Fit result #
##############

# value        error    correlations
# slope
3.0625e+00   2.54e-04   
# y_intercept
-2.3439e-02   2.31e-03   -0.728   

########################
# Final fit parameters #
########################

slope = 3.0625 +- 0.00025
y_intercept = -0.0234 +- 0.0023

###############
# Fit details #
###############

USING    iminuit
FCN/ndf  9.89/8 = 1.24
EdM      1.45188e-16
UP       1
STA      Error matrix accurate

chi2prob 0.273
HYPTEST  accepted (sig. 5%)


########################################
# Fit performed on 2016-12-21 09:13:32 #
########################################

###########
# Dataset #
###########

# axis 0: x
# datapoints
5.000000e+00
1.000000e+01
1.500000e+01
2.000000e+01
2.500000e+01
3.000000e+01
3.500000e+01
4.000000e+01
4.500000e+01
5.000000e+01

# axis 1: y
# datapoints	uncor. err.
7.986000e+00	2.516682e-03
1.599667e+01	2.906269e-03
2.400267e+01	1.452752e-03
3.200933e+01	2.728195e-03
4.001467e+01	3.844612e-03
4.803167e+01	1.086826e-02
5.603800e+01	1.250282e-02
6.404566e+01	1.483562e-02
7.205333e+01	1.716983e-02
8.004900e+01	1.950160e-02


################
# Fit function #
################

linear_2par(x; slope, y_intercept) = slope * x + y_intercept

##############
# Fit result #
##############

# value        error    correlations
# slope
1.6015e+00   1.54e-04   
# y_intercept
-2.0545e-02   2.48e-03   -0.913   

########################
# Final fit parameters #
########################

slope = 1.60153 +- 0.00015
y_intercept = -0.0205 +- 0.0025

###############
# Fit details #
###############

USING    iminuit
FCN/ndf  2.18/8 = 0.272
EdM      2.12123e-17
UP       1
STA      Error matrix accurate

chi2prob 0.975
HYPTEST  accepted (sig. 5%)


########################################
# Fit performed on 2016-12-21 10:07:13 #
########################################

###########
# Dataset #
###########

# axis 0: x
# datapoints
6.300000e-01
6.350000e-01
6.400000e-01
6.450000e-01
6.500000e-01

# axis 1: y
# datapoints	uncor. err.
8.025667e+00	4.910318e-03
8.002666e+00	4.333337e-03
7.979333e+00	6.173448e-03
7.963666e+00	5.364420e-03
7.943667e+00	6.359542e-03


################
# Fit function #
################

linear_2par(x; slope, y_intercept) = slope * x + y_intercept

##############
# Fit result #
##############

# value        error    correlations
# slope
-4.0810e+00   3.44e-01   
# y_intercept
1.0595e+01   2.20e-01   -1.000   

########################
# Final fit parameters #
########################

slope = -4.08 +- 0.34
y_intercept = 10.59 +- 0.22

###############
# Fit details #
###############

USING    iminuit
FCN/ndf  0.617/3 = 0.206
EdM      9.29553e-14
UP       1
STA      Error matrix accurate

chi2prob 0.892
HYPTEST  accepted (sig. 5%)


########################################
# Fit performed on 2016-12-21 10:07:13 #
########################################

###########
# Dataset #
###########

# axis 0: x
# datapoints
6.000000e-01
6.100000e-01
6.200000e-01
6.300000e-01
6.350000e-01
6.400000e-01
6.450000e-01
6.500000e-01
6.600000e-01
6.700000e-01
6.800000e-01

# axis 1: y
# datapoints	uncor. err.
7.953334e+00	5.174826e-03
7.963333e+00	5.174667e-03
7.976334e+00	4.702220e-03
7.988667e+00	4.910264e-03
7.994333e+00	4.176669e-03
8.002333e+00	5.174754e-03
8.006667e+00	3.844136e-03
8.016333e+00	3.179817e-03
8.033000e+00	5.507402e-03
8.048333e+00	5.666733e-03
8.058999e+00	6.506497e-03


################
# Fit function #
################

linear_2par(x; slope, y_intercept) = slope * x + y_intercept

##############
# Fit result #
##############

# value        error    correlations
# slope
1.3521e+00   6.94e-02   
# y_intercept
7.1379e+00   4.44e-02   -1.000   

########################
# Final fit parameters #
########################

slope = 1.352 +- 0.069
y_intercept = 7.138 +- 0.044

###############
# Fit details #
###############

USING    iminuit
FCN/ndf  2.73/9 = 0.303
EdM      1.72081e-14
UP       1
STA      Error matrix accurate

chi2prob 0.974
HYPTEST  accepted (sig. 5%)


########################################
# Fit performed on 2016-12-21 10:08:01 #
########################################

###########
# Dataset #
###########

# axis 0: x
# datapoints
6.200000e-01
6.300000e-01
6.350000e-01
6.400000e-01
6.450000e-01
6.500000e-01

# axis 1: y
# datapoints	uncor. err.
8.081666e+00	1.855844e-03
8.025667e+00	4.910318e-03
8.002666e+00	4.333337e-03
7.979333e+00	6.173448e-03
7.963666e+00	5.364420e-03
7.943667e+00	6.359542e-03


################
# Fit function #
################

linear_2par(x; slope, y_intercept) = slope * x + y_intercept

##############
# Fit result #
##############

# value        error    correlations
# slope
-4.8299e+00   1.46e-01   
# y_intercept
1.1075e+01   9.17e-02   -1.000   

########################
# Final fit parameters #
########################

slope = -4.83 +- 0.15
y_intercept = 11.075 +- 0.092

###############
# Fit details #
###############

USING    iminuit
FCN/ndf  6.4/4 = 1.6
EdM      5.72694e-14
UP       1
STA      Error matrix accurate

chi2prob 0.171
HYPTEST  accepted (sig. 5%)


########################################
# Fit performed on 2016-12-21 10:08:01 #
########################################

###########
# Dataset #
###########

# axis 0: x
# datapoints
6.000000e-01
6.100000e-01
6.200000e-01
6.300000e-01
6.350000e-01
6.400000e-01
6.450000e-01
6.500000e-01
6.600000e-01
6.700000e-01
6.800000e-01

# axis 1: y
# datapoints	uncor. err.
7.953334e+00	5.174826e-03
7.963333e+00	5.174667e-03
7.976334e+00	4.702220e-03
7.988667e+00	4.910264e-03
7.994333e+00	4.176669e-03
8.002333e+00	5.174754e-03
8.006667e+00	3.844136e-03
8.016333e+00	3.179817e-03
8.033000e+00	5.507402e-03
8.048333e+00	5.666733e-03
8.058999e+00	6.506497e-03


################
# Fit function #
################

linear_2par(x; slope, y_intercept) = slope * x + y_intercept

##############
# Fit result #
##############

# value        error    correlations
# slope
1.3521e+00   6.94e-02   
# y_intercept
7.1379e+00   4.44e-02   -1.000   

########################
# Final fit parameters #
########################

slope = 1.352 +- 0.069
y_intercept = 7.138 +- 0.044

###############
# Fit details #
###############

USING    iminuit
FCN/ndf  2.73/9 = 0.303
EdM      1.72081e-14
UP       1
STA      Error matrix accurate

chi2prob 0.974
HYPTEST  accepted (sig. 5%)


########################################
# Fit performed on 2016-12-21 10:11:46 #
########################################

###########
# Dataset #
###########

# axis 0: x
# datapoints
6.200000e-01
6.300000e-01
6.350000e-01
6.400000e-01
6.450000e-01
6.500000e-01

# axis 1: y
# datapoints	uncor. err.
8.081666e+00	1.855844e-03
8.025667e+00	4.910318e-03
8.002666e+00	4.333337e-03
7.979333e+00	6.173448e-03
7.963666e+00	5.364420e-03
7.943667e+00	6.359542e-03


################
# Fit function #
################

linear_2par(x; slope, y_intercept) = slope * x + y_intercept

##############
# Fit result #
##############

# value        error    correlations
# slope
-4.8299e+00   1.46e-01   
# y_intercept
1.1075e+01   9.17e-02   -1.000   

########################
# Final fit parameters #
########################

slope = -4.83 +- 0.15
y_intercept = 11.075 +- 0.092

###############
# Fit details #
###############

USING    iminuit
FCN/ndf  6.4/4 = 1.6
EdM      5.72694e-14
UP       1
STA      Error matrix accurate

chi2prob 0.171
HYPTEST  accepted (sig. 5%)


########################################
# Fit performed on 2016-12-21 10:11:46 #
########################################

###########
# Dataset #
###########

# axis 0: x
# datapoints
6.000000e-01
6.100000e-01
6.200000e-01
6.300000e-01
6.350000e-01
6.400000e-01
6.450000e-01
6.500000e-01
6.600000e-01
6.700000e-01
6.800000e-01

# axis 1: y
# datapoints	uncor. err.
5.835200e+00	2.123300e+00
5.842533e+00	2.125967e+00
5.851800e+00	2.129200e+00
5.860933e+00	2.132567e+00
5.864733e+00	2.133767e+00
5.871133e+00	2.136367e+00
5.873600e+00	2.136900e+00
5.880334e+00	2.139167e+00
5.893800e+00	2.144700e+00
5.905134e+00	2.148867e+00
5.913400e+00	2.152100e+00


################
# Fit function #
################

linear_2par(x; slope, y_intercept) = slope * x + y_intercept

##############
# Fit result #
##############

# value        error    correlations
# slope
1.0051e+00   2.75e+01   
# y_intercept
5.2288e+00   1.76e+01   -0.999   

########################
# Final fit parameters #
########################

slope = 1 +- 27
y_intercept = 5 +- 18

###############
# Fit details #
###############

USING    iminuit
FCN/ndf  1.02e-05/9 = 1.14e-06
EdM      5.32007e-15
UP       1
STA      Error matrix accurate

chi2prob 1.0
HYPTEST  accepted (sig. 5%)


########################################
# Fit performed on 2016-12-21 10:12:07 #
########################################

###########
# Dataset #
###########

# axis 0: x
# datapoints
6.200000e-01
6.300000e-01
6.350000e-01
6.400000e-01
6.450000e-01
6.500000e-01

# axis 1: y
# datapoints	uncor. err.
1.616333e+00	3.711817e-04
1.605133e+00	9.820557e-04
1.600533e+00	8.666913e-04
1.595867e+00	1.234690e-03
1.592733e+00	1.072895e-03
1.588733e+00	1.271932e-03


################
# Fit function #
################

linear_2par(x; slope, y_intercept) = slope * x + y_intercept

##############
# Fit result #
##############

# value        error    correlations
# slope
-9.6598e-01   2.92e-02   
# y_intercept
2.2150e+00   1.83e-02   -1.000   

########################
# Final fit parameters #
########################

slope = -0.966 +- 0.029
y_intercept = 2.215 +- 0.018

###############
# Fit details #
###############

USING    iminuit
FCN/ndf  6.4/4 = 1.6
EdM      2.77084e-14
UP       1
STA      Error matrix accurate

chi2prob 0.171
HYPTEST  accepted (sig. 5%)


########################################
# Fit performed on 2016-12-21 10:12:07 #
########################################

###########
# Dataset #
###########

# axis 0: x
# datapoints
6.000000e-01
6.100000e-01
6.200000e-01
6.300000e-01
6.350000e-01
6.400000e-01
6.450000e-01
6.500000e-01
6.600000e-01
6.700000e-01
6.800000e-01

# axis 1: y
# datapoints	uncor. err.
1.590667e+00	1.034976e-03
1.592667e+00	1.034936e-03
1.595267e+00	9.404474e-04
1.597733e+00	9.820422e-04
1.598867e+00	8.353284e-04
1.600467e+00	1.034958e-03
1.601333e+00	7.688238e-04
1.603267e+00	6.359858e-04
1.606600e+00	1.101477e-03
1.609667e+00	1.133362e-03
1.611800e+00	1.301299e-03


################
# Fit function #
################

linear_2par(x; slope, y_intercept) = slope * x + y_intercept

##############
# Fit result #
##############

# value        error    correlations
# slope
2.7042e-01   1.39e-02   
# y_intercept
1.4276e+00   8.88e-03   -1.000   

########################
# Final fit parameters #
########################

slope = 0.27 +- 0.014
y_intercept = 1.4276 +- 0.0089

###############
# Fit details #
###############

USING    iminuit
FCN/ndf  2.73/9 = 0.303
EdM      3.71687e-17
UP       1
STA      Error matrix accurate

chi2prob 0.974
HYPTEST  accepted (sig. 5%)


########################################
# Fit performed on 2016-12-21 10:13:27 #
########################################

###########
# Dataset #
###########

# axis 0: x
# datapoints
6.200000e-01
6.300000e-01
6.350000e-01
6.400000e-01
6.450000e-01
6.500000e-01

# axis 1: y
# datapoints	uncor. err.
1.616333e+00	3.711817e-04
1.605133e+00	9.820557e-04
1.600533e+00	8.666913e-04
1.595867e+00	1.234690e-03
1.592733e+00	1.072895e-03
1.588733e+00	1.271932e-03


################
# Fit function #
################

linear_2par(x; slope, y_intercept) = slope * x + y_intercept

##############
# Fit result #
##############

# value        error    correlations
# slope
-9.6598e-01   2.92e-02   
# y_intercept
2.2150e+00   1.83e-02   -1.000   

########################
# Final fit parameters #
########################

slope = -0.966 +- 0.029
y_intercept = 2.215 +- 0.018

###############
# Fit details #
###############

USING    iminuit
FCN/ndf  6.4/4 = 1.6
EdM      2.77084e-14
UP       1
STA      Error matrix accurate

chi2prob 0.171
HYPTEST  accepted (sig. 5%)


########################################
# Fit performed on 2016-12-21 10:13:27 #
########################################

###########
# Dataset #
###########

# axis 0: x
# datapoints
6.000000e-01
6.100000e-01
6.200000e-01
6.300000e-01
6.350000e-01
6.400000e-01
6.450000e-01
6.500000e-01
6.600000e-01
6.700000e-01
6.800000e-01

# axis 1: y
# datapoints	uncor. err.
1.590667e+00	1.034976e-03
1.592667e+00	1.034936e-03
1.595267e+00	9.404474e-04
1.597733e+00	9.820422e-04
1.598867e+00	8.353284e-04
1.600467e+00	1.034958e-03
1.601333e+00	7.688238e-04
1.603267e+00	6.359858e-04
1.606600e+00	1.101477e-03
1.609667e+00	1.133362e-03
1.611800e+00	1.301299e-03


################
# Fit function #
################

linear_2par(x; slope, y_intercept) = slope * x + y_intercept

##############
# Fit result #
##############

# value        error    correlations
# slope
2.7042e-01   1.39e-02   
# y_intercept
1.4276e+00   8.88e-03   -1.000   

########################
# Final fit parameters #
########################

slope = 0.27 +- 0.014
y_intercept = 1.4276 +- 0.0089

###############
# Fit details #
###############

USING    iminuit
FCN/ndf  2.73/9 = 0.303
EdM      3.71687e-17
UP       1
STA      Error matrix accurate

chi2prob 0.974
HYPTEST  accepted (sig. 5%)


########################################
# Fit performed on 2016-12-21 10:14:44 #
########################################

###########
# Dataset #
###########

# axis 0: x
# datapoints
6.200000e-01
6.300000e-01
6.350000e-01
6.400000e-01
6.450000e-01
6.500000e-01

# axis 1: y
# datapoints	uncor. err.
1.616333e+00	3.711817e-04
1.605133e+00	9.820557e-04
1.600533e+00	8.666913e-04
1.595867e+00	1.234690e-03
1.592733e+00	1.072895e-03
1.588733e+00	1.271932e-03


################
# Fit function #
################

linear_2par(x; slope, y_intercept) = slope * x + y_intercept

##############
# Fit result #
##############

# value        error    correlations
# slope
-9.6598e-01   2.92e-02   
# y_intercept
2.2150e+00   1.83e-02   -1.000   

########################
# Final fit parameters #
########################

slope = -0.966 +- 0.029
y_intercept = 2.215 +- 0.018

###############
# Fit details #
###############

USING    iminuit
FCN/ndf  6.4/4 = 1.6
EdM      2.77084e-14
UP       1
STA      Error matrix accurate

chi2prob 0.171
HYPTEST  accepted (sig. 5%)


########################################
# Fit performed on 2016-12-21 10:14:44 #
########################################

###########
# Dataset #
###########

# axis 0: x
# datapoints
6.000000e-01
6.100000e-01
6.200000e-01
6.300000e-01
6.350000e-01
6.400000e-01
6.450000e-01
6.500000e-01
6.600000e-01
6.700000e-01
6.800000e-01

# axis 1: y
# datapoints	uncor. err.
1.590667e+00	1.034976e-03
1.592667e+00	1.034936e-03
1.595267e+00	9.404474e-04
1.597733e+00	9.820422e-04
1.598867e+00	8.353284e-04
1.600467e+00	1.034958e-03
1.601333e+00	7.688238e-04
1.603267e+00	6.359858e-04
1.606600e+00	1.101477e-03
1.609667e+00	1.133362e-03
1.611800e+00	1.301299e-03


################
# Fit function #
################

linear_2par(x; slope, y_intercept) = slope * x + y_intercept

##############
# Fit result #
##############

# value        error    correlations
# slope
2.7042e-01   1.39e-02   
# y_intercept
1.4276e+00   8.88e-03   -1.000   

########################
# Final fit parameters #
########################

slope = 0.27 +- 0.014
y_intercept = 1.4276 +- 0.0089

###############
# Fit details #
###############

USING    iminuit
FCN/ndf  2.73/9 = 0.303
EdM      3.71687e-17
UP       1
STA      Error matrix accurate

chi2prob 0.974
HYPTEST  accepted (sig. 5%)


########################################
# Fit performed on 2016-12-21 10:15:05 #
########################################

###########
# Dataset #
###########

# axis 0: x
# datapoints
6.200000e-01
6.300000e-01
6.350000e-01
6.400000e-01
6.450000e-01
6.500000e-01

# axis 1: y
# datapoints	uncor. err.
1.616333e+00	3.711817e-04
1.605133e+00	9.820557e-04
1.600533e+00	8.666913e-04
1.595867e+00	1.234690e-03
1.592733e+00	1.072895e-03
1.588733e+00	1.271932e-03


################
# Fit function #
################

linear_2par(x; slope, y_intercept) = slope * x + y_intercept

##############
# Fit result #
##############

# value        error    correlations
# slope
-9.6598e-01   2.92e-02   
# y_intercept
2.2150e+00   1.83e-02   -1.000   

########################
# Final fit parameters #
########################

slope = -0.966 +- 0.029
y_intercept = 2.215 +- 0.018

###############
# Fit details #
###############

USING    iminuit
FCN/ndf  6.4/4 = 1.6
EdM      2.77084e-14
UP       1
STA      Error matrix accurate

chi2prob 0.171
HYPTEST  accepted (sig. 5%)


########################################
# Fit performed on 2016-12-21 10:15:05 #
########################################

###########
# Dataset #
###########

# axis 0: x
# datapoints
6.000000e-01
6.100000e-01
6.200000e-01
6.300000e-01
6.350000e-01
6.400000e-01
6.450000e-01
6.500000e-01
6.600000e-01
6.700000e-01
6.800000e-01

# axis 1: y
# datapoints	uncor. err.
1.590667e+00	1.034976e-03
1.592667e+00	1.034936e-03
1.595267e+00	9.404474e-04
1.597733e+00	9.820422e-04
1.598867e+00	8.353284e-04
1.600467e+00	1.034958e-03
1.601333e+00	7.688238e-04
1.603267e+00	6.359858e-04
1.606600e+00	1.101477e-03
1.609667e+00	1.133362e-03
1.611800e+00	1.301299e-03


################
# Fit function #
################

linear_2par(x; slope, y_intercept) = slope * x + y_intercept

##############
# Fit result #
##############

# value        error    correlations
# slope
2.7042e-01   1.39e-02   
# y_intercept
1.4276e+00   8.88e-03   -1.000   

########################
# Final fit parameters #
########################

slope = 0.27 +- 0.014
y_intercept = 1.4276 +- 0.0089

###############
# Fit details #
###############

USING    iminuit
FCN/ndf  2.73/9 = 0.303
EdM      3.71687e-17
UP       1
STA      Error matrix accurate

chi2prob 0.974
HYPTEST  accepted (sig. 5%)


########################################
# Fit performed on 2016-12-21 10:15:34 #
########################################

###########
# Dataset #
###########

# axis 0: x
# datapoints
6.200000e-01
6.300000e-01
6.350000e-01
6.400000e-01
6.450000e-01
6.500000e-01

# axis 1: y
# datapoints	uncor. err.
1.616333e+00	3.711817e-04
1.605133e+00	9.820557e-04
1.600533e+00	8.666913e-04
1.595867e+00	1.234690e-03
1.592733e+00	1.072895e-03
1.588733e+00	1.271932e-03


################
# Fit function #
################

linear_2par(x; slope, y_intercept) = slope * x + y_intercept

##############
# Fit result #
##############

# value        error    correlations
# slope
-9.6598e-01   2.92e-02   
# y_intercept
2.2150e+00   1.83e-02   -1.000   

########################
# Final fit parameters #
########################

slope = -0.966 +- 0.029
y_intercept = 2.215 +- 0.018

###############
# Fit details #
###############

USING    iminuit
FCN/ndf  6.4/4 = 1.6
EdM      2.77084e-14
UP       1
STA      Error matrix accurate

chi2prob 0.171
HYPTEST  accepted (sig. 5%)


########################################
# Fit performed on 2016-12-21 10:15:34 #
########################################

###########
# Dataset #
###########

# axis 0: x
# datapoints
6.000000e-01
6.100000e-01
6.200000e-01
6.300000e-01
6.350000e-01
6.400000e-01
6.450000e-01
6.500000e-01
6.600000e-01
6.700000e-01
6.800000e-01

# axis 1: y
# datapoints	uncor. err.
1.590667e+00	1.034976e-03
1.592667e+00	1.034936e-03
1.595267e+00	9.404474e-04
1.597733e+00	9.820422e-04
1.598867e+00	8.353284e-04
1.600467e+00	1.034958e-03
1.601333e+00	7.688238e-04
1.603267e+00	6.359858e-04
1.606600e+00	1.101477e-03
1.609667e+00	1.133362e-03
1.611800e+00	1.301299e-03


################
# Fit function #
################

linear_2par(x; slope, y_intercept) = slope * x + y_intercept

##############
# Fit result #
##############

# value        error    correlations
# slope
2.7042e-01   1.39e-02   
# y_intercept
1.4276e+00   8.88e-03   -1.000   

########################
# Final fit parameters #
########################

slope = 0.27 +- 0.014
y_intercept = 1.4276 +- 0.0089

###############
# Fit details #
###############

USING    iminuit
FCN/ndf  2.73/9 = 0.303
EdM      3.71687e-17
UP       1
STA      Error matrix accurate

chi2prob 0.974
HYPTEST  accepted (sig. 5%)


########################################
# Fit performed on 2016-12-21 10:17:47 #
########################################

###########
# Dataset #
###########

# axis 0: x
# datapoints
6.200000e-01
6.300000e-01
6.350000e-01
6.400000e-01
6.450000e-01
6.500000e-01

# axis 1: y
# datapoints	uncor. err.
1.616333e+00	3.711817e-04
1.605133e+00	9.820557e-04
1.600533e+00	8.666913e-04
1.595867e+00	1.234690e-03
1.592733e+00	1.072895e-03
1.588733e+00	1.271932e-03


################
# Fit function #
################

linear_2par(x; slope, y_intercept) = slope * x + y_intercept

##############
# Fit result #
##############

# value        error    correlations
# slope
-9.6598e-01   2.92e-02   
# y_intercept
2.2150e+00   1.83e-02   -1.000   

########################
# Final fit parameters #
########################

slope = -0.966 +- 0.029
y_intercept = 2.215 +- 0.018

###############
# Fit details #
###############

USING    iminuit
FCN/ndf  6.4/4 = 1.6
EdM      2.77084e-14
UP       1
STA      Error matrix accurate

chi2prob 0.171
HYPTEST  accepted (sig. 5%)


########################################
# Fit performed on 2016-12-21 10:17:47 #
########################################

###########
# Dataset #
###########

# axis 0: x
# datapoints
6.000000e-01
6.100000e-01
6.200000e-01
6.300000e-01
6.350000e-01
6.400000e-01
6.450000e-01
6.500000e-01
6.600000e-01
6.700000e-01
6.800000e-01

# axis 1: y
# datapoints	uncor. err.
1.590667e+00	1.034976e-03
1.592667e+00	1.034936e-03
1.595267e+00	9.404474e-04
1.597733e+00	9.820422e-04
1.598867e+00	8.353284e-04
1.600467e+00	1.034958e-03
1.601333e+00	7.688238e-04
1.603267e+00	6.359858e-04
1.606600e+00	1.101477e-03
1.609667e+00	1.133362e-03
1.611800e+00	1.301299e-03


################
# Fit function #
################

linear_2par(x; slope, y_intercept) = slope * x + y_intercept

##############
# Fit result #
##############

# value        error    correlations
# slope
2.7042e-01   1.39e-02   
# y_intercept
1.4276e+00   8.88e-03   -1.000   

########################
# Final fit parameters #
########################

slope = 0.27 +- 0.014
y_intercept = 1.4276 +- 0.0089

###############
# Fit details #
###############

USING    iminuit
FCN/ndf  2.73/9 = 0.303
EdM      3.71687e-17
UP       1
STA      Error matrix accurate

chi2prob 0.974
HYPTEST  accepted (sig. 5%)


########################################
# Fit performed on 2016-12-21 10:18:25 #
########################################

###########
# Dataset #
###########

# axis 0: x
# datapoints
6.200000e-01
6.300000e-01
6.350000e-01
6.400000e-01
6.450000e-01
6.500000e-01

# axis 1: y
# datapoints	uncor. err.
1.616333e+00	3.711817e-04
1.605133e+00	9.820557e-04
1.600533e+00	8.666913e-04
1.595867e+00	1.234690e-03
1.592733e+00	1.072895e-03
1.588733e+00	1.271932e-03


################
# Fit function #
################

linear_2par(x; slope, y_intercept) = slope * x + y_intercept

##############
# Fit result #
##############

# value        error    correlations
# slope
-9.6598e-01   2.92e-02   
# y_intercept
2.2150e+00   1.83e-02   -1.000   

########################
# Final fit parameters #
########################

slope = -0.966 +- 0.029
y_intercept = 2.215 +- 0.018

###############
# Fit details #
###############

USING    iminuit
FCN/ndf  6.4/4 = 1.6
EdM      2.77084e-14
UP       1
STA      Error matrix accurate

chi2prob 0.171
HYPTEST  accepted (sig. 5%)


########################################
# Fit performed on 2016-12-21 10:18:25 #
########################################

###########
# Dataset #
###########

# axis 0: x
# datapoints
6.000000e-01
6.100000e-01
6.200000e-01
6.300000e-01
6.350000e-01
6.400000e-01
6.450000e-01
6.500000e-01
6.600000e-01
6.700000e-01
6.800000e-01

# axis 1: y
# datapoints	uncor. err.
1.590667e+00	1.034976e-03
1.592667e+00	1.034936e-03
1.595267e+00	9.404474e-04
1.597733e+00	9.820422e-04
1.598867e+00	8.353284e-04
1.600467e+00	1.034958e-03
1.601333e+00	7.688238e-04
1.603267e+00	6.359858e-04
1.606600e+00	1.101477e-03
1.609667e+00	1.133362e-03
1.611800e+00	1.301299e-03


################
# Fit function #
################

linear_2par(x; slope, y_intercept) = slope * x + y_intercept

##############
# Fit result #
##############

# value        error    correlations
# slope
2.7042e-01   1.39e-02   
# y_intercept
1.4276e+00   8.88e-03   -1.000   

########################
# Final fit parameters #
########################

slope = 0.27 +- 0.014
y_intercept = 1.4276 +- 0.0089

###############
# Fit details #
###############

USING    iminuit
FCN/ndf  2.73/9 = 0.303
EdM      3.71687e-17
UP       1
STA      Error matrix accurate

chi2prob 0.974
HYPTEST  accepted (sig. 5%)


########################################
# Fit performed on 2016-12-21 10:18:41 #
########################################

###########
# Dataset #
###########

# axis 0: x
# datapoints
6.200000e-01
6.300000e-01
6.350000e-01
6.400000e-01
6.450000e-01
6.500000e-01

# axis 1: y
# datapoints	uncor. err.
1.616333e+00	3.711817e-04
1.605133e+00	9.820557e-04
1.600533e+00	8.666913e-04
1.595867e+00	1.234690e-03
1.592733e+00	1.072895e-03
1.588733e+00	1.271932e-03


################
# Fit function #
################

linear_2par(x; slope, y_intercept) = slope * x + y_intercept

##############
# Fit result #
##############

# value        error    correlations
# slope
-9.6598e-01   2.92e-02   
# y_intercept
2.2150e+00   1.83e-02   -1.000   

########################
# Final fit parameters #
########################

slope = -0.966 +- 0.029
y_intercept = 2.215 +- 0.018

###############
# Fit details #
###############

USING    iminuit
FCN/ndf  6.4/4 = 1.6
EdM      2.77084e-14
UP       1
STA      Error matrix accurate

chi2prob 0.171
HYPTEST  accepted (sig. 5%)


########################################
# Fit performed on 2016-12-21 10:18:41 #
########################################

###########
# Dataset #
###########

# axis 0: x
# datapoints
6.000000e-01
6.100000e-01
6.200000e-01
6.300000e-01
6.350000e-01
6.400000e-01
6.450000e-01
6.500000e-01
6.600000e-01
6.700000e-01
6.800000e-01

# axis 1: y
# datapoints	uncor. err.
1.590667e+00	1.034976e-03
1.592667e+00	1.034936e-03
1.595267e+00	9.404474e-04
1.597733e+00	9.820422e-04
1.598867e+00	8.353284e-04
1.600467e+00	1.034958e-03
1.601333e+00	7.688238e-04
1.603267e+00	6.359858e-04
1.606600e+00	1.101477e-03
1.609667e+00	1.133362e-03
1.611800e+00	1.301299e-03


################
# Fit function #
################

linear_2par(x; slope, y_intercept) = slope * x + y_intercept

##############
# Fit result #
##############

# value        error    correlations
# slope
2.7042e-01   1.39e-02   
# y_intercept
1.4276e+00   8.88e-03   -1.000   

########################
# Final fit parameters #
########################

slope = 0.27 +- 0.014
y_intercept = 1.4276 +- 0.0089

###############
# Fit details #
###############

USING    iminuit
FCN/ndf  2.73/9 = 0.303
EdM      3.71687e-17
UP       1
STA      Error matrix accurate

chi2prob 0.974
HYPTEST  accepted (sig. 5%)

